La génération a démarré 03/06/2016 14:28:26.
     1>Projet "C:\Users\antoine.bourguet\Documents\Visual Studio 2013\Projects\UnitTest1\UnitTest1\UnitTest1.vcxproj" sur le nœud 2 (Rebuild cible(s)).
     1>ClCompile:
         C:\Program Files (x86)\Microsoft Visual Studio 12.0\VC\bin\x86_amd64\CL.exe /c /I"C:\Program Files (x86)\Microsoft Visual Studio 12.0\VC\UnitTest\include" /Zi /nologo /W3 /WX- /Od /D WIN32 /D _DEBUG /D _WINDLL /D _UNICODE /D UNICODE /Gm /EHsc /RTC1 /MDd /GS /fp:precise /Zc:wchar_t /Zc:forScope /Yc"stdafx.h" /Fp"x64\Debug\UnitTest1.pch" /Fo"x64\Debug\\" /Fd"x64\Debug\vc120.pdb" /Gd /TP /FC /errorReport:prompt stdafx.cpp
         stdafx.cpp
         C:\Program Files (x86)\Microsoft Visual Studio 12.0\VC\bin\x86_amd64\CL.exe /c /I"C:\Program Files (x86)\Microsoft Visual Studio 12.0\VC\UnitTest\include" /Zi /nologo /W3 /WX- /Od /D WIN32 /D _DEBUG /D _WINDLL /D _UNICODE /D UNICODE /Gm /EHsc /RTC1 /MDd /GS /fp:precise /Zc:wchar_t /Zc:forScope /Yu"stdafx.h" /Fp"x64\Debug\UnitTest1.pch" /Fo"x64\Debug\\" /Fd"x64\Debug\vc120.pdb" /Gd /TP /FC /errorReport:prompt unittest1.cpp
         unittest1.cpp
       Link:
         C:\Program Files (x86)\Microsoft Visual Studio 12.0\VC\bin\x86_amd64\link.exe /ERRORREPORT:PROMPT /OUT:"C:\Users\antoine.bourguet\Documents\Visual Studio 2013\Projects\UnitTest1\x64\Debug\UnitTest1.dll" /INCREMENTAL /NOLOGO /LIBPATH:"C:\Program Files (x86)\Microsoft Visual Studio 12.0\VC\UnitTest\lib" kernel32.lib user32.lib gdi32.lib winspool.lib comdlg32.lib advapi32.lib shell32.lib ole32.lib oleaut32.lib uuid.lib odbc32.lib odbccp32.lib /MANIFEST /MANIFESTUAC:"level='asInvoker' uiAccess='false'" /manifest:embed /DEBUG /PDB:"C:\Users\antoine.bourguet\Documents\Visual Studio 2013\Projects\UnitTest1\x64\Debug\UnitTest1.pdb" /SUBSYSTEM:WINDOWS /TLBID:1 /DYNAMICBASE /NXCOMPAT /IMPLIB:"C:\Users\antoine.bourguet\Documents\Visual Studio 2013\Projects\UnitTest1\x64\Debug\UnitTest1.lib" /MACHINE:X64 /DLL x64\Debug\stdafx.obj
         x64\Debug\unittest1.obj
         "C:\Users\antoine.bourguet\Documents\Visual Studio 2013\Projects\UnitTest1\Debug\RootFinder.lib"
            Création de la bibliothèque C:\Users\antoine.bourguet\Documents\Visual Studio 2013\Projects\UnitTest1\x64\Debug\UnitTest1.lib et de l'objet C:\Users\antoine.bourguet\Documents\Visual Studio 2013\Projects\UnitTest1\x64\Debug\UnitTest1.exp
     1>unittest1.obj : error LNK2019: symbole externe non résolu "__declspec(dllimport) public: __cdecl CRootFinder::CRootFinder(void)" (__imp_??0CRootFinder@@QEAA@XZ) référencé dans la fonction "public: void __cdecl UnitTest1::UnitTest1::BasicTest(void)" (?BasicTest@UnitTest1@1@QEAAXXZ)
     1>unittest1.obj : error LNK2019: symbole externe non résolu "__declspec(dllimport) public: double __cdecl CRootFinder::SquareRoot(double)" (__imp_?SquareRoot@CRootFinder@@QEAANN@Z) référencé dans la fonction "public: void __cdecl UnitTest1::UnitTest1::BasicTest(void)" (?BasicTest@UnitTest1@1@QEAAXXZ)
     1>C:\Users\antoine.bourguet\Documents\Visual Studio 2013\Projects\UnitTest1\x64\Debug\UnitTest1.dll : fatal error LNK1120: 2 externes non résolus
     1>Génération du projet "C:\Users\antoine.bourguet\Documents\Visual Studio 2013\Projects\UnitTest1\UnitTest1\UnitTest1.vcxproj" terminée (Rebuild cible(s)) -- ÉCHEC.

ÉCHEC de la build.

Temps écoulé 00:00:02.06
